[22:44:59] [main/INFO]: Loading Minecraft 1.20.4 with Fabric Loader 0.16.14
[22:44:59] [ForkJoinPool-1-worker-4/WARN]: Mod travelersbackpack uses the version fabric-1.20.4-9.4.6 which isn't compatible with Loader's extended semantic version format (Could not parse version number component 'fabric'!), SemVer is recommended for reliably evaluating dependencies and prioritizing newer version
[22:44:59] [main/INFO]: Loading 114 mods:
	- additionalstructures 4.2.2
	- architectury 11.1.17
	- artifacts 10.0.11
	   |-- cardinal-components-base 5.4.0
	   |-- cardinal-components-entity 5.4.0
	   |-- expandability 10.0.1
	   \-- step-height-entity-attribute 1.2.0
	- athena 3.3.2
	- betterdeserttemples 1.20.4-Fabric-3.4.4
	   \-- org_reflections_reflections 0.10.2
	- betterendisland 1.20.4-Fabric-2.4.3
	   \-- org_reflections_reflections 0.10.2
	- betterfortresses 1.20.4-Fabric-2.4.4
	   \-- org_reflections_reflections 0.10.2
	- bettermineshafts 1.20.4-Fabric-4.4.2
	   \-- org_reflections_reflections 0.10.2
	- betteroceanmonuments 1.20.4-Fabric-3.4.3
	   \-- org_reflections_reflections 0.10.2
	- betterstrongholds 1.20.4-Fabric-4.4.3
	   \-- org_reflections_reflections 0.10.2
	- cardinal-components 5.4.0
	   |-- cardinal-components-block 5.4.0
	   |-- cardinal-components-chunk 5.4.0
	   |-- cardinal-components-item 5.4.0
	   |-- cardinal-components-level 5.4.0
	   |-- cardinal-components-scoreboard 5.4.0
	   \-- cardinal-components-world 5.4.0
	- carryon 2.1.3
	- chipped 3.1.5
	- cloth-config 13.0.138
	   \-- cloth-basic-math 0.6.1
	- clumps 15.0.0.2
	- collective 7.64
	- comforts 7.2.2+1.20.4
	   |-- cardinal-components-base 5.4.0
	   |-- cardinal-components-entity 5.4.0
	   \-- spectrelib 0.15.2+1.20.4
	        |-- com_electronwill_night-config_core 3.6.5
	        \-- com_electronwill_night-config_toml 3.6.5
	- cristellib 1.2.4
	   \-- blue_endless_jankson 1.2.3
	- endermanoverhaul 1.1.8
	- explorify 1.6.2
	- fabric-api 0.97.2+1.20.4
	   |-- fabric-api-base 0.4.37+78d798af4f
	   |-- fabric-api-lookup-api-v1 1.6.50+82b1bb3e4f
	   |-- fabric-biome-api-v1 13.0.17+78d798af4f
	   |-- fabric-block-api-v1 1.0.17+3e2216cb4f
	   |-- fabric-block-view-api-v2 1.0.5+78d798af4f
	   |-- fabric-blockrenderlayer-v1 1.1.47+78d798af4f
	   |-- fabric-client-tags-api-v1 1.1.8+78d798af4f
	   |-- fabric-command-api-v1 1.2.42+f71b366f4f
	   |-- fabric-command-api-v2 2.2.21+78d798af4f
	   |-- fabric-commands-v0 0.2.59+df3654b34f
	   |-- fabric-containers-v0 0.1.88+df3654b34f
	   |-- fabric-content-registries-v0 5.0.16+78d798af4f
	   |-- fabric-convention-tags-v1 1.5.11+78d798af4f
	   |-- fabric-crash-report-info-v1 0.2.24+78d798af4f
	   |-- fabric-data-attachment-api-v1 1.1.5+b90db5744f
	   |-- fabric-data-generation-api-v1 13.2.6+5c0133444f
	   |-- fabric-dimensions-v1 2.1.63+6605d1a84f
	   |-- fabric-entity-events-v1 1.6.2+09fc25014f
	   |-- fabric-events-interaction-v0 0.7.2+389931eb4f
	   |-- fabric-events-lifecycle-v0 0.2.75+df3654b34f
	   |-- fabric-game-rule-api-v1 1.0.47+78d798af4f
	   |-- fabric-item-api-v1 2.3.0+bcdd12964f
	   |-- fabric-item-group-api-v1 4.0.27+ee30b13a4f
	   |-- fabric-key-binding-api-v1 1.0.42+78d798af4f
	   |-- fabric-keybindings-v0 0.2.40+df3654b34f
	   |-- fabric-lifecycle-events-v1 2.3.1+a67ffb5d4f
	   |-- fabric-loot-api-v2 2.1.10+78d798af4f
	   |-- fabric-message-api-v1 6.0.6+78d798af4f
	   |-- fabric-mining-level-api-v1 2.1.66+78d798af4f
	   |-- fabric-model-loading-api-v1 1.0.9+78d798af4f
	   |-- fabric-models-v0 0.4.8+9386d8a74f
	   |-- fabric-networking-api-v1 3.1.9+6abb6a4b4f
	   |-- fabric-object-builder-api-v1 13.1.0+dba1195c4f
	   |-- fabric-particles-v1 1.1.8+78d798af4f
	   |-- fabric-recipe-api-v1 2.0.22+78d798af4f
	   |-- fabric-registry-sync-v0 4.0.21+ee30b13a4f
	   |-- fabric-renderer-api-v1 3.2.5+78d798af4f
	   |-- fabric-renderer-indigo 1.5.6+d331d3144f
	   |-- fabric-renderer-registries-v1 3.2.54+df3654b34f
	   |-- fabric-rendering-data-attachment-v1 0.3.43+73761d2e4f
	   |-- fabric-rendering-fluids-v1 3.1.2+e761c6694f
	   |-- fabric-rendering-v0 1.1.57+df3654b34f
	   |-- fabric-rendering-v1 3.2.1+6fd945a04f
	   |-- fabric-resource-conditions-api-v1 2.3.15+78d798af4f
	   |-- fabric-resource-loader-v0 0.11.21+ee30b13a4f
	   |-- fabric-screen-api-v1 2.0.18+78d798af4f
	   |-- fabric-screen-handler-api-v1 1.3.57+78d798af4f
	   |-- fabric-sound-api-v1 1.0.18+78d798af4f
	   |-- fabric-transfer-api-v1 4.0.12+90f2d7b14f
	   \-- fabric-transitive-access-wideners-v1 5.0.15+78d798af4f
	- fabricloader 0.16.14
	   \-- mixinextras 0.4.1
	- geckolib 4.4.4
	   \-- com_eliotlash_mclib_mclib 20
	- inventorymanagement 1.5.0
	- jade 13.3.1
	- java 21
	- mcwbridges 3.1.0
	- mcwdoors 1.1.2
	- mcwfences 1.2.0
	- mcwfurnitures 3.3.0
	- mcwlights 1.1.2
	- mcwpaintings 1.0.5
	- mcwpaths 1.1.0
	- mcwroofs 2.3.2
	- mcwstairs 1.0.1
	- mcwtrpdoors 1.1.4
	- mcwwindows 2.3.1
	- mes 1.3.4-1.20-fabric
	- minecraft 1.20.4
	- mss 1.2.7-1.20-fabric
	- mvs 4.1.2-1.20-fabric
	- plushies 1.4.0
	- quartzelv 2.2.7+1.20.4
	- resourcefulconfig 2.4.8
	- resourcefullib 2.4.10
	   |-- com_teamresourceful_bytecodecs 1.0.2
	   \-- com_teamresourceful_yabn 1.0.3
	- skinrestorer 2.3.3+1.20.3-fabric
	   \-- org_mineskin_java-client 3.0.1-SNAPSHOT
	- spawnermod 1.2.5
	- t_and_t 1.13.1
	- travelersbackpack fabric-1.20.4-9.4.6
	   \-- reach-entity-attributes 2.5.0
	- treeharvester 8.7
	- trinkets 3.8.1
	   |-- cardinal-components-base 5.4.0
	   \-- cardinal-components-entity 5.4.0
	- villagesandpillages 1.0.2
	- yungsapi 1.20.4-Fabric-4.4.3
	   |-- org_javassist_javassist 3.29.2-GA
	   \-- org_reflections_reflections 0.10.2
	- yungsextras 1.20.4-Fabric-4.4.2
	   \-- org_reflections_reflections 0.10.2
[22:44:59] [main/INFO]: SpongePowered MIXIN Subsystem Version=0.8.7 Source=file:/workspaces/MineBad/servidor_minecraft/libraries/net/fabricmc/sponge-mixin/0.15.5+mixin.0.8.7/sponge-mixin-0.15.5+mixin.0.8.7.jar Service=Knot/Fabric Env=SERVER
[22:44:59] [main/INFO]: Compatibility level set to JAVA_16
[22:44:59] [main/INFO]: Compatibility level set to JAVA_17
[22:45:00] [main/WARN]: Reference map 'yungsextras.refmap.json' for yungsextras.mixins.json could not be read. If this is a development environment you can ignore this message
[22:45:00] [main/WARN]: Reference map 'yungsextras.refmap.json' for yungsextras_fabric.mixins.json could not be read. If this is a development environment you can ignore this message
[22:45:00] [main/INFO]: Initializing MixinExtras via com.llamalad7.mixinextras.service.MixinExtrasServiceImpl(version=0.4.1).
[22:45:09] [main/INFO]: Registering C2S receiver with id artifacts:networking_channel/42a7ad70b1cc371599a0eff744096b8a
[22:45:09] [main/INFO]: Registering C2S receiver with id artifacts:networking_channel/74a5e841822a3a87854ae896a33430d6
[22:45:09] [main/INFO]: Registering C2S receiver with id artifacts:networking_channel/eb3d1e2748533430848cadf0f37c7e9c
[22:45:09] [main/INFO]: Registering C2S receiver with id artifacts:networking_channel/91c8520f19f93b3e8b6a727568e194ab
[22:45:09] [main/INFO]: Registering C2S receiver with id artifacts:networking_channel/8c2784d778293fd482ed84b8aa5fedb9
[22:45:09] [main/INFO]: Registering C2S receiver with id artifacts:networking_channel/ea038224ea783d40b2863f52239e2604
[22:45:09] [main/INFO]: Registering C2S receiver with id artifacts:networking_channel/97ad64b7ecaf33209991c4f031501a58
[22:45:09] [main/ERROR]: No data fixer registered for artifacts:mimic
[22:45:09] [main/INFO]: Reflections took 38 ms to scan 1 urls, producing 1 keys and 2 values
[22:45:09] [main/INFO]: Reflections took 2 ms to scan 1 urls, producing 1 keys and 2 values
[22:45:09] [main/INFO]: Reflections took 1 ms to scan 1 urls, producing 1 keys and 2 values
[22:45:09] [main/INFO]: Reflections took 1 ms to scan 1 urls, producing 1 keys and 2 values
[22:45:09] [main/INFO]: Reflections took 3 ms to scan 1 urls, producing 1 keys and 1 values
[22:45:09] [main/INFO]: Reflections took 2 ms to scan 1 urls, producing 1 keys and 1 values
[22:45:09] [main/INFO]: Reflections took 1 ms to scan 1 urls, producing 1 keys and 2 values
[22:45:09] [main/INFO]: Reflections took 1 ms to scan 1 urls, producing 1 keys and 2 values
[22:45:09] [main/INFO]: Reflections took 1 ms to scan 1 urls, producing 1 keys and 1 values
[22:45:09] [main/INFO]: Reflections took 0 ms to scan 1 urls, producing 1 keys and 1 values
[22:45:09] [main/INFO]: Reflections took 2 ms to scan 1 urls, producing 1 keys and 2 values
[22:45:09] [main/INFO]: Reflections took 2 ms to scan 1 urls, producing 1 keys and 2 values
[22:45:10] [main/INFO]: Loading Collective version 7.64.
[22:45:10] [main/ERROR]: No data fixer registered for badlands_enderman
[22:45:10] [main/ERROR]: No data fixer registered for cave_enderman
[22:45:10] [main/ERROR]: No data fixer registered for crimson_forest_enderman
[22:45:10] [main/ERROR]: No data fixer registered for dark_oak_enderman
[22:45:10] [main/ERROR]: No data fixer registered for desert_enderman
[22:45:10] [main/ERROR]: No data fixer registered for end_enderman
[22:45:10] [main/ERROR]: No data fixer registered for end_islands_enderman
[22:45:10] [main/ERROR]: No data fixer registered for flower_fields_enderman
[22:45:10] [main/ERROR]: No data fixer registered for ice_spikes_enderman
[22:45:10] [main/ERROR]: No data fixer registered for mushroom_fields_enderman
[22:45:10] [main/ERROR]: No data fixer registered for nether_wastes_enderman
[22:45:10] [main/ERROR]: No data fixer registered for coral_enderman
[22:45:10] [main/ERROR]: No data fixer registered for savanna_enderman
[22:45:10] [main/ERROR]: No data fixer registered for snowy_enderman
[22:45:10] [main/ERROR]: No data fixer registered for soulsand_valley_enderman
[22:45:10] [main/ERROR]: No data fixer registered for swamp_enderman
[22:45:10] [main/ERROR]: No data fixer registered for warped_forest_enderman
[22:45:10] [main/ERROR]: No data fixer registered for windswept_hills_enderman
[22:45:10] [main/ERROR]: No data fixer registered for pet_enderman
[22:45:10] [main/ERROR]: No data fixer registered for hammerhead_pet_enderman
[22:45:10] [main/ERROR]: No data fixer registered for axolotl_pet_enderman
[22:45:10] [main/ERROR]: No data fixer registered for scarab
[22:45:10] [main/ERROR]: No data fixer registered for spirit
[22:45:10] [main/ERROR]: No data fixer registered for ender_bullet
[22:45:10] [main/ERROR]: No data fixer registered for corrupted_pearl
[22:45:10] [main/ERROR]: No data fixer registered for soul_pearl
[22:45:10] [main/ERROR]: No data fixer registered for ancient_pearl
[22:45:10] [main/ERROR]: No data fixer registered for bubble_pearl
[22:45:10] [main/ERROR]: No data fixer registered for summoner_pearl
[22:45:10] [main/ERROR]: No data fixer registered for icy_pearl
[22:45:10] [main/ERROR]: No data fixer registered for crimson_pearl
[22:45:10] [main/ERROR]: No data fixer registered for warped_pearl
[22:45:10] [main/INFO]: ExpandAbility here, who dis?
[22:45:12] [main/INFO]: Reading config values from file.
[22:45:12] [main/INFO]: Registered the FluidEffect with Unique ID of minecraft:water for minecraft:water 81000 with the ID 0
[22:45:12] [main/INFO]: Registered the FluidEffect with Unique ID of minecraft:lava for minecraft:lava 81000 with the ID 1
[22:45:12] [main/INFO]: Registered the FluidEffect with Unique ID of travelersbackpack:potion for travelersbackpack:potion_still 27000 with the ID 2
[22:45:12] [main/INFO]: Registered the FluidEffect with Unique ID of travelersbackpack:milk for travelersbackpack:milk_still 81000 with the ID 3
[22:45:12] [main/INFO]: Reflections took 4 ms to scan 1 urls, producing 1 keys and 3 values
[22:45:12] [main/INFO]: Reflections took 3 ms to scan 1 urls, producing 1 keys and 3 values
[22:45:12] [main/INFO]: Reflections took 3 ms to scan 1 urls, producing 1 keys and 2 values
[22:45:12] [main/INFO]: Reflections took 2 ms to scan 1 urls, producing 1 keys and 2 values
[22:45:12] [main/ERROR]: Pack for WWOO LOL is null
[22:45:12] [main/ERROR]: Pack for WWOO LOL is null
[22:45:12] [main/INFO]: Environment: Environment[sessionHost=https://sessionserver.mojang.com, servicesHost=https://api.minecraftservices.com, name=PROD]
[22:45:12] [main/ERROR]: Pack for WWOO LOL is null
[22:45:15] [main/INFO]: Loaded 8 recipes
[22:45:15] [main/INFO]: Loaded 1964 advancements
[22:45:18] [main/INFO]: Applied 250 biome modifications to 62 of 64 new biomes in 25.40 ms
[22:45:18] [Server thread/INFO]: Starting minecraft server version 1.20.4
[22:45:18] [Server thread/INFO]: Loading properties
[22:45:18] [Server thread/INFO]: Default game type: SURVIVAL
[22:45:18] [Server thread/INFO]: Generating keypair
[22:45:18] [Server thread/INFO]: Starting Minecraft server on *:25565
[22:45:18] [Server thread/INFO]: Using epoll channel type
[22:45:18] [Server thread/WARN]: **** SERVER IS RUNNING IN OFFLINE/INSECURE MODE!
[22:45:18] [Server thread/WARN]: The server will make no attempt to authenticate usernames. Beware.
[22:45:18] [Server thread/WARN]: While this makes the game possible to play without internet access, it also opens up the ability for hackers to connect with any username they choose.
[22:45:18] [Server thread/WARN]: To change this, set "online-mode" to "true" in the server.properties file.
[22:45:18] [Server thread/INFO]: Preparing level "world"
[22:45:22] [Server thread/INFO]: Preparing start region for dimension minecraft:overworld
[22:45:27] [Server thread/ERROR]: Couldn't load structure mss:diorite_house
net.minecraft.class_8911: Loading NBT data
	at net.minecraft.class_2487.method_10581(class_2487.java:526) ~[server-intermediary.jar:?]
	at net.minecraft.class_2487$1.method_53889(class_2487.java:76) ~[server-intermediary.jar:?]
	at net.minecraft.class_2487$1.method_23240(class_2487.java:63) ~[server-intermediary.jar:?]
	at net.minecraft.class_2487$1.method_23262(class_2487.java:58) ~[server-intermediary.jar:?]
	at net.minecraft.class_2499$1.method_53895(class_2499.java:48) ~[server-intermediary.jar:?]
	at net.minecraft.class_2499$1.method_23249(class_2499.java:31) ~[server-intermediary.jar:?]
	at net.minecraft.class_2499$1.method_23262(class_2499.java:26) ~[server-intermediary.jar:?]
	at net.minecraft.class_2487.method_10581(class_2487.java:520) ~[server-intermediary.jar:?]
	at net.minecraft.class_2487$1.method_53889(class_2487.java:76) ~[server-intermediary.jar:?]
	at net.minecraft.class_2487$1.method_23240(class_2487.java:63) ~[server-intermediary.jar:?]
	at net.minecraft.class_2487$1.method_23262(class_2487.java:58) ~[server-intermediary.jar:?]
	at net.minecraft.class_2507.method_52892(class_2507.java:185) ~[server-intermediary.jar:?]
	at net.minecraft.class_2507.method_10626(class_2507.java:180) ~[server-intermediary.jar:?]
	at net.minecraft.class_2507.method_10625(class_2507.java:105) ~[server-intermediary.jar:?]
	at net.minecraft.class_2507.method_10629(class_2507.java:48) ~[server-intermediary.jar:?]
	at net.minecraft.class_3485.method_15090(class_3485.java:228) ~[server-intermediary.jar:?]
	at net.minecraft.class_3485.method_44231(class_3485.java:218) ~[server-intermediary.jar:?]
	at net.minecraft.class_3485.method_15088(class_3485.java:131) ~[server-intermediary.jar:?]
	at net.minecraft.class_3485.method_44245(class_3485.java:109) ~[server-intermediary.jar:?]
	at java.util.concurrent.ConcurrentHashMap.computeIfAbsent(ConcurrentHashMap.java:1708) ~[?:?]
	at net.minecraft.class_3485.method_15094(class_3485.java:99) ~[server-intermediary.jar:?]
	at net.minecraft.class_3485.method_15091(class_3485.java:87) ~[server-intermediary.jar:?]
	at com.mojang.datafixers.util.Either$Left.map(Either.java:38) ~[datafixerupper-6.0.8.jar:?]
	at net.minecraft.class_3781.method_27233(class_3781.java:85) ~[server-intermediary.jar:?]
	at net.minecraft.class_3781.method_16628(class_3781.java:125) ~[server-intermediary.jar:?]
	at net.minecraft.class_3790.<init>(class_3790.java:58) ~[server-intermediary.jar:?]
	at net.minecraft.class_6624.method_38711(class_6624.java:73) ~[server-intermediary.jar:?]
	at net.minecraft.class_3449.method_41621(class_3449.java:67) ~[server-intermediary.jar:?]
	at net.minecraft.class_2852.method_12392(class_2852.java:460) ~[server-intermediary.jar:?]
	at net.minecraft.class_2852.method_12395(class_2852.java:204) ~[server-intermediary.jar:?]
	at net.minecraft.class_3898.method_43375(class_3898.java:612) ~[server-intermediary.jar:?]
	at java.util.concurrent.CompletableFuture$UniApply.tryFire(CompletableFuture.java:646) ~[?:?]
	at java.util.concurrent.CompletableFuture$Completion.run(CompletableFuture.java:482) ~[?:?]
	at net.minecraft.class_1255.method_18859(class_1255.java:156) ~[server-intermediary.jar:?]
	at net.minecraft.class_3215$class_4212.method_18859(class_3215.java:561) ~[server-intermediary.jar:?]
	at net.minecraft.class_1255.method_16075(class_1255.java:130) ~[server-intermediary.jar:?]
	at net.minecraft.class_3215$class_4212.method_16075(class_3215.java:570) ~[server-intermediary.jar:?]
	at net.minecraft.class_3215.method_19492(class_3215.java:280) ~[server-intermediary.jar:?]
	at net.minecraft.server.MinecraftServer.method_20415(MinecraftServer.java:785) ~[server-intermediary.jar:?]
	at net.minecraft.server.MinecraftServer.method_16075(MinecraftServer.java:773) ~[server-intermediary.jar:?]
	at net.minecraft.class_1255.method_18857(class_1255.java:139) ~[server-intermediary.jar:?]
	at net.minecraft.server.MinecraftServer.method_16208(MinecraftServer.java:758) ~[server-intermediary.jar:?]
	at net.minecraft.server.MinecraftServer.method_3774(MinecraftServer.java:494) ~[server-intermediary.jar:?]
	at net.minecraft.server.MinecraftServer.method_3735(MinecraftServer.java:333) ~[server-intermediary.jar:?]
	at net.minecraft.class_3176.method_3823(class_3176.java:169) ~[server-intermediary.jar:?]
	at net.minecraft.server.MinecraftServer.method_29741(MinecraftServer.java:650) ~[server-intermediary.jar:?]
	at net.minecraft.server.MinecraftServer.method_29739(MinecraftServer.java:270) ~[server-intermediary.jar:?]
	at java.lang.Thread.run(Thread.java:1583) ~[?:?]
Caused by: java.io.IOException: Invalid tag id: 26
	at net.minecraft.class_4614$1.method_39878(class_4614.java:58) ~[server-intermediary.jar:?]
	at net.minecraft.class_4614$1.method_23264(class_4614.java:63) ~[server-intermediary.jar:?]
	at net.minecraft.class_4614$1.method_23262(class_4614.java:56) ~[server-intermediary.jar:?]
	at net.minecraft.class_2487.method_10581(class_2487.java:520) ~[server-intermediary.jar:?]
	... 47 more
[22:45:27] [Worker-Main-2/INFO]: Preparing spawn area: 0%
[22:45:27] [Worker-Main-3/INFO]: Preparing spawn area: 0%
[22:45:27] [Worker-Main-1/INFO]: Preparing spawn area: 0%
[22:45:27] [Worker-Main-1/INFO]: Preparing spawn area: 0%
[22:45:27] [Worker-Main-2/INFO]: Preparing spawn area: 0%
[22:45:27] [Worker-Main-3/INFO]: Preparing spawn area: 0%
[22:45:27] [Worker-Main-3/INFO]: Preparing spawn area: 0%
[22:45:27] [Worker-Main-3/INFO]: Preparing spawn area: 0%
[22:45:27] [Worker-Main-3/INFO]: Preparing spawn area: 0%
[22:45:27] [Worker-Main-3/INFO]: Preparing spawn area: 0%
[22:45:27] [Worker-Main-3/INFO]: Preparing spawn area: 0%
[22:45:27] [Worker-Main-3/INFO]: Preparing spawn area: 0%
[22:45:28] [Worker-Main-1/INFO]: Preparing spawn area: 9%
[22:45:28] [Server thread/INFO]: Time elapsed: 6381 ms
[22:45:28] [Server thread/INFO]: Done (10.117s)! For help, type "help"
[22:45:28] [Server thread/INFO]: Start loading plugin from Jade
[22:45:28] [Server thread/INFO]: Start loading plugin from Jade
[22:45:28] [Server thread/INFO]: Start loading plugin from Jade
[22:45:28] [Server thread/INFO]: Start loading plugin from Jade
[22:45:57] [Server thread/INFO]: badbalta[/127.101.185.209:52789] logged in with entity id 160 at (765.2080152017435, 117.0, -8688.22434603719)
[22:45:57] [Server thread/INFO]: Loading config from file...
[22:45:57] [Server thread/INFO]: badbalta joined the game
[22:45:59] [Server thread/WARN]: Can't keep up! Is the server overloaded? Running 2348ms or 46 ticks behind
[22:53:24] [Server thread/INFO]: badbalta has made the advancement [We Need to Go Deeper]
[22:55:40] [Server thread/INFO]: SimonPro74[/127.101.185.209:54905] logged in with entity id 3083 at (741.5, 100.0, -8294.5)
[22:55:40] [Server thread/INFO]: Loading config from file...
[22:55:40] [Server thread/INFO]: SimonPro74 joined the game
[22:56:11] [Server thread/INFO]: badbalta has made the advancement [Not Today, Thank You]
[22:58:09] [Server thread/WARN]: SimonPro74 moved too quickly! 6.064425534618408,-0.9179797984314177,-8.070738601081757
[22:58:09] [Server thread/WARN]: Can't keep up! Is the server overloaded? Running 4087ms or 81 ticks behind
[23:03:01] [Server thread/INFO]: [badbalta: Teleported SimonPro74 to badbalta]
[23:16:53] [Worker-Main-3/WARN]: Ignoring unknown attribute 'forge:entity_gravity'
[23:16:54] [Worker-Main-3/WARN]: Ignoring unknown attribute 'forge:entity_gravity'
[23:16:54] [Worker-Main-3/WARN]: Ignoring unknown attribute 'forge:entity_gravity'
[23:18:54] [Server thread/INFO]: badbalta has made the advancement [Take Aim]
[23:21:45] [Server thread/INFO]: [badbalta: Teleported SimonPro74 to badbalta]
[23:22:00] [Server thread/INFO]: badbalta was slain by Piglin
[23:22:08] [Server thread/INFO]: [badbalta: Teleported badbalta to SimonPro74]
[23:22:19] [Server thread/INFO]: SimonPro74 was slain by Piglin Brute
[23:22:23] [Server thread/INFO]: [badbalta: Teleported SimonPro74 to badbalta]
[23:23:13] [Server thread/INFO]: SimonPro74 was slain by Piglin
[23:23:18] [Server thread/INFO]: [badbalta: Teleported SimonPro74 to badbalta]
[23:23:57] [Worker-Main-1/WARN]: Ignoring unknown attribute 'forge:entity_gravity'
[23:24:10] [Server thread/INFO]: badbalta was slain by Piglin Brute
[23:24:17] [Server thread/INFO]: [badbalta: Teleported badbalta to SimonPro74]
[23:24:33] [Server thread/INFO]: SimonPro74 was slain by Piglin
[23:24:37] [Server thread/INFO]: [badbalta: Teleported SimonPro74 to badbalta]
[23:25:02] [Server thread/INFO]: SimonPro74 was slain by Piglin Brute
[23:25:06] [Server thread/INFO]: [badbalta: Teleported SimonPro74 to badbalta]
[23:25:09] [Server thread/INFO]: badbalta was burned to a crisp while fighting Blaze
[23:25:43] [Server thread/INFO]: [badbalta: Teleported SimonPro74 to badbalta]
[23:28:12] [Server thread/INFO]: badbalta has made the advancement [War Pigs]
[23:28:38] [Server thread/INFO]: SimonPro74 has made the advancement [War Pigs]
[23:28:48] [Server thread/INFO]: SimonPro74 has made the advancement [Hidden in the Depths]
[23:29:17] [Server thread/INFO]: badbalta has made the advancement [Hidden in the Depths]
[23:30:05] [Server thread/INFO]: SimonPro74 was slain by Piglin Brute
[23:30:12] [Server thread/INFO]: badbalta was slain by Piglin Brute
[23:30:20] [Server thread/INFO]: SimonPro74 lost connection: Disconnected
[23:30:20] [Server thread/INFO]: SimonPro74 left the game
[23:30:33] [Server thread/INFO]: badbalta lost connection: Disconnected
[23:30:33] [Server thread/INFO]: badbalta left the game
[23:30:44] [Server thread/INFO]: Stopping the server
[23:30:44] [Server thread/INFO]: Stopping server
[23:30:44] [Server thread/INFO]: Saving players
[23:30:44] [Server thread/INFO]: Saving worlds
[23:30:44] [Server thread/INFO]: Saving chunks for level 'ServerLevel[world]'/minecraft:overworld
[23:30:44] [Server thread/INFO]: Saving chunks for level 'ServerLevel[world]'/minecraft:the_nether
[23:30:44] [Server thread/INFO]: Saving chunks for level 'ServerLevel[world]'/minecraft:the_end
[23:30:44] [Server thread/INFO]: ThreadedAnvilChunkStorage (world): All chunks are saved
[23:30:44] [Server thread/INFO]: ThreadedAnvilChunkStorage (DIM-1): All chunks are saved
[23:30:44] [Server thread/INFO]: ThreadedAnvilChunkStorage (DIM1): All chunks are saved
[23:30:44] [Server thread/INFO]: ThreadedAnvilChunkStorage: All dimensions are saved
